<?xml version="1.0" encoding="UTF-8"?>
<!-- Generated by org.testng.reporters.JUnitReportReporter -->
<testsuite hostname="Jatins-MacBook-Pro.local" failures="0" tests="1" name="test.ProductPageTest" time="1.025" errors="0" timestamp="2021-09-03T00:40:50 CDT" skipped="0">
  <testcase classname="test.ProductPageTest" name="productTest" time="1.025"/>
  <system-out/>
</testsuite> <!-- test.ProductPageTest -->
