<?xml version="1.0" encoding="UTF-8"?>
<!-- Generated by org.testng.reporters.JUnitReportReporter -->
<testsuite hostname="Jatins-MacBook-Pro.local" failures="0" tests="4" name="test.LoginPageTest" time="1.611" errors="0" timestamp="2021-09-02T23:53:58 CDT" skipped="0">
  <testcase classname="test.LoginPageTest" name="loginTest" time="0.811"/>
  <system-out/>
  <testcase classname="test.LoginPageTest" name="loginTest" time="0.212"/>
  <system-out/>
  <testcase classname="test.LoginPageTest" name="loginTest" time="0.239"/>
  <system-out/>
  <testcase classname="test.LoginPageTest" name="loginTest" time="0.349"/>
  <system-out/>
</testsuite> <!-- test.LoginPageTest -->
