<?xml version="1.0" encoding="UTF-8"?>
<!-- Generated by org.testng.reporters.JUnitReportReporter -->
<testsuite hostname="Jatins-MacBook-Pro.local" failures="0" tests="4" name="test.LoginPageTest" time="1.617" errors="0" timestamp="2021-09-19T14:10:36 CDT" skipped="0">
  <testcase classname="test.LoginPageTest" name="loginTest" time="0.241"/>
  <system-out/>
  <testcase classname="test.LoginPageTest" name="loginTest" time="0.369"/>
  <system-out/>
  <testcase classname="test.LoginPageTest" name="loginTest" time="0.233"/>
  <system-out/>
  <testcase classname="test.LoginPageTest" name="loginTest" time="0.774"/>
  <system-out/>
</testsuite> <!-- test.LoginPageTest -->
