<?xml version="1.0" encoding="UTF-8"?>
<!-- Generated by org.testng.reporters.JUnitReportReporter -->
<testsuite hostname="Jatins-MacBook-Pro.local" failures="0" tests="1" name="test.ProductPageTest" time="1.010" errors="0" timestamp="2021-09-19T14:10:36 CDT" skipped="0">
  <testcase classname="test.ProductPageTest" name="productTest" time="1.010"/>
  <system-out/>
</testsuite> <!-- test.ProductPageTest -->
